<?xml version="1.0" encoding="UTF-8"?>
<robot generator="Robot 7.0 (Python 3.12.1 on win32)" generated="2024-01-30T19:08:58.334156" rpa="false" schemaversion="5">
<suite id="s1" name="First Test" source="C:\Users\nkokovin\PycharmProjects\robot_framework_tester\Project_robotframework_1\test_cases\first_test.robot">
<test id="s1-t1" name="My First Test Case" line="13">
<kw name="Open Browser" owner="SeleniumLibrary">
<msg time="2024-01-30T19:08:58.612828" level="INFO">Opening browser 'Chrome' to base url 'https://www.saucedemo.com/'.</msg>
<arg>${URL1}</arg>
<arg>${Browser}</arg>
<doc>Opens a new browser instance to the optional ``url``.</doc>
<status status="PASS" start="2024-01-30T19:08:58.612828" elapsed="3.985929"/>
</kw>
<kw name="Maximize Browser Window" owner="SeleniumLibrary">
<doc>Maximizes current browser window.</doc>
<status status="PASS" start="2024-01-30T19:09:02.599751" elapsed="0.113242"/>
</kw>
<kw name="Input Text" owner="SeleniumLibrary">
<msg time="2024-01-30T19:09:02.713987" level="INFO">Typing text 'standard_user' into text field 'id:user-name'.</msg>
<arg>id:user-name</arg>
<arg>${Login}</arg>
<doc>Types the given ``text`` into the text field identified by ``locator``.</doc>
<status status="PASS" start="2024-01-30T19:09:02.713490" elapsed="0.098342"/>
</kw>
<kw name="Input Text" owner="SeleniumLibrary">
<msg time="2024-01-30T19:09:02.812330" level="INFO">Typing text 'secret_sauce' into text field 'xpath:/html/body/div/div/div[2]/div[1]/div/div/form/div[2]/input'.</msg>
<arg>xpath:/html/body/div/div/div[2]/div[1]/div/div/form/div[2]/input</arg>
<arg>${Password}</arg>
<doc>Types the given ``text`` into the text field identified by ``locator``.</doc>
<status status="PASS" start="2024-01-30T19:09:02.811832" elapsed="0.105301"/>
</kw>
<kw name="Click Button" owner="SeleniumLibrary">
<msg time="2024-01-30T19:09:02.919610" level="INFO">Clicking button 'name:login-button'.</msg>
<arg>name:login-button</arg>
<doc>Clicks the button identified by ``locator``.</doc>
<status status="PASS" start="2024-01-30T19:09:02.918618" elapsed="0.099832"/>
</kw>
<kw name="Sleep" owner="BuiltIn">
<msg time="2024-01-30T19:09:13.026595" level="INFO">Slept 10 seconds.</msg>
<arg>10</arg>
<doc>Pauses the test executed for the given time.</doc>
<status status="PASS" start="2024-01-30T19:09:03.025900" elapsed="10.000695"/>
</kw>
<kw name="Close Browser" owner="SeleniumLibrary">
<doc>Closes the current browser.</doc>
<status status="PASS" start="2024-01-30T19:09:13.027083" elapsed="2.266608"/>
</kw>
<status status="PASS" start="2024-01-30T19:08:58.611799" elapsed="16.682887"/>
</test>
<status status="PASS" start="2024-01-30T19:08:58.337136" elapsed="16.960527"/>
</suite>
<statistics>
<total>
<stat pass="1" fail="0" skip="0">All Tests</stat>
</total>
<tag>
</tag>
<suite>
<stat pass="1" fail="0" skip="0" id="s1" name="First Test">First Test</stat>
</suite>
</statistics>
<errors>
</errors>
</robot>
